<?xml version="1.0" encoding="UTF-8"?>
<!-- Generated by org.testng.reporters.JUnitXMLReporter -->
<testsuite ignored="0" hostname="Venkatesan" failures="1" tests="2" name="Test" time="0.077" errors="0" timestamp="2024-06-28T12:50:53 IST">
  <testcase classname="learning.Learntestng" name="test001" time="0.011"/>
  <testcase classname="learning.Learntestng" name="test002" time="0.017">
    <failure type="java.lang.AssertionError" message="test mismatch expected [Testing] but found [Test]">
      <![CDATA[java.lang.AssertionError: test mismatch expected [Testing] but found [Test]
at learning.Learntestng.test002(Learntestng.java:29)
at java.base/java.util.ArrayList.forEach(ArrayList.java:1511)
... Removed 32 stack frames]]>
    </failure>
  </testcase> <!-- test002 -->
</testsuite> <!-- Test -->
