<?xml version="1.0" encoding="UTF-8"?>
<testng-results ignored="0" total="1" passed="1" failed="0" skipped="0">
  <reporter-output>
  </reporter-output>
  <suite started-at="2024-07-12T13:31:54 IST" name="Smoketest" finished-at="2024-07-12T13:35:56 IST" duration-ms="241174">
    <groups>
    </groups>
    <test started-at="2024-07-12T13:31:54 IST" name="Signup" finished-at="2024-07-12T13:35:56 IST" duration-ms="241174">
      <class name="org.sample.test.Sampletest">
        <test-method is-config="true" signature="setup()[pri:0, instance:org.sample.test.Sampletest@74d1dc36]" started-at="2024-07-12T13:31:54 IST" name="setup" finished-at="2024-07-12T13:34:58 IST" duration-ms="183528" status="PASS">
          <reporter-output>
          </reporter-output>
        </test-method> <!-- setup -->
        <test-method signature="signuptest()[pri:0, instance:org.sample.test.Sampletest@74d1dc36]" started-at="2024-07-12T13:34:58 IST" name="signuptest" finished-at="2024-07-12T13:35:56 IST" duration-ms="57598" status="PASS">
          <reporter-output>
          </reporter-output>
        </test-method> <!-- signuptest -->
      </class> <!-- org.sample.test.Sampletest -->
    </test> <!-- Signup -->
  </suite> <!-- Smoketest -->
</testng-results>
